2017-08-17 17:32:22,656: DEBUG: api.py: index():53: lab_id = test, lab_src_url=https://github.com/vlead/lab-data-service.git, version=master, key=defaultkey, 
2017-08-17 17:32:22,781: ERROR: api.py: index():88: error code = ('Connection aborted.', BadStatusLine('',))
2017-08-17 17:32:36,838: DEBUG: api.py: index():53: lab_id = test, lab_src_url=https://github.com/vlead/lab-data-service.git, version=master, key=defaultkey, 
2017-08-17 17:32:36,844: ERROR: api.py: index():88: error code = ('Connection aborted.', BadStatusLine('',))
2017-08-17 17:36:44,212: DEBUG: api.py: index():53: lab_id = test, lab_src_url=https://github.com/vlead/lab-data-service.git, version=master, key=defaultkey, 
2017-08-17 17:44:56,817: DEBUG: api.py: index():53: lab_id = ci, lab_src_url=https://github.com/vlead/continuous-integration.git, version=refactor, key=defaultkey, 
2017-08-17 18:29:34,179: DEBUG: api.py: index():53: lab_id = ci, lab_src_url=https://github.com/vlead/continuous-integration.git, version=refactor, key=defaultkey, 
2017-08-17 18:30:37,303: ERROR: api.py: index():88: error code = HTTPConnectionPool(host='localhost', port=5000): Max retries exceeded with url: / (Caused by NewConnectionError('<urllib3.connection.HTTPConnection object at 0x1ac09d0>: Failed to establish a new connection: [Errno 110] Connection timed out',))
2017-08-17 18:30:51,198: DEBUG: api.py: index():53: lab_id = ci, lab_src_url=https://github.com/vlead/continuous-integration.git, version=refactor, key=defaultkey, 
2017-08-17 18:31:21,724: DEBUG: api.py: index():53: lab_id = ci, lab_src_url=https://github.com/vlead/continuous-integration.git, version=refactor, key=defaultkey, 
2017-08-17 18:35:12,766: DEBUG: api.py: index():53: lab_id = ci, lab_src_url=https://github.com/vlead/continuous-integration.git, version=refactor, key=defaultkey, 
2017-08-17 18:36:04,417: DEBUG: api.py: index():53: lab_id = ci, lab_src_url=https://github.com/vlead/continuous-integration.git, version=refactor, key=defaultkey, 
2017-08-17 18:39:02,041: DEBUG: api.py: index():53: lab_id = ci, lab_src_url=https://github.com/vlead/continuous-integration.git, version=refactor, key=defaultkey, 
2017-08-17 18:40:02,319: DEBUG: api.py: index():53: lab_id = ci, lab_src_url=https://github.com/vlead/continuous-integration.git, version=refactor, key=defaultkey, 
2017-08-23 16:46:53,275: DEBUG: api.py: index():53: lab_id = test, lab_src_url=https://github.com/vlead/analytics-db, version=refactor, key=defaultkey, 
2017-10-04 14:22:23,577: DEBUG: api.py: index():54: lab_id = test, lab_src_url=https://github.com/Virtual-Labs/computer-programming-responsive-iiith, version=master, key=defaultkey, 
2017-10-04 14:23:48,182: DEBUG: api.py: index():54: lab_id = test, lab_src_url=https://github.com/Virtual-Labs/computer-programming-responsive-iiith, version=master, key=defaultkey, 
2017-10-04 14:28:01,475: DEBUG: api.py: index():54: lab_id = test, lab_src_url=https://github.com/Virtual-Labs/computer-programming-responsive-iiith, version=master, key=defaultkey, 
2017-11-13 07:52:31,392: DEBUG: api.py: index():54: lab_id = repear, lab_src_url=https://github.com/vlead/computer-programming-responsive, version=master, key=defaultkey, 
2017-11-13 08:41:25,220: DEBUG: api.py: index():54: lab_id = test, lab_src_url=https://github.com/vlead/computer-programming-responsive, version=master, key=defaultkey, 
2017-11-13 09:22:03,266: DEBUG: api.py: index():54: lab_id = test, lab_src_url=https://github.com/vlead/computer-programming-responsive, version=master, key=defaultkey, 
2017-11-13 09:32:17,681: DEBUG: api.py: index():54: lab_id = test, lab_src_url=https://github.com/vlead/computer-programming-responsive, version=master, key=defaultkey, 
2017-11-13 19:53:26,301: DEBUG: api.py: index():54: lab_id = i201, lab_src_url=0293, version=master, key=defaultkey, 
2017-11-15 11:44:23,932: DEBUG: api.py: index():54: lab_id = test, lab_src_url=https://github.com/vlead/computer-programming-responsive, version=master, key=defaultkey, 
